Analysis & Synthesis report for pong
Thu Jan 23 14:23:34 2020
Quartus Prime Version 18.1.0 Build 625 09/12/2018 SJ Lite Edition


---------------------
; Table of Contents ;
---------------------
  1. Legal Notice
  2. Analysis & Synthesis Summary
  3. Analysis & Synthesis Settings
  4. Parallel Compilation
  5. Analysis & Synthesis Source Files Read
  6. Analysis & Synthesis Resource Usage Summary
  7. Analysis & Synthesis Resource Utilization by Entity
  8. User-Specified and Inferred Latches
  9. Registers Removed During Synthesis
 10. General Register Statistics
 11. Inverted Register Statistics
 12. Multiplexer Restructuring Statistics (Restructuring Performed)
 13. Port Connectivity Checks: "pong_graph_animate:animated"
 14. Port Connectivity Checks: "vga_sync:vsync_unit"
 15. Post-Synthesis Netlist Statistics for Top Partition
 16. Elapsed Time Per Partition
 17. Analysis & Synthesis Messages



----------------
; Legal Notice ;
----------------
Copyright (C) 2018  Intel Corporation. All rights reserved.
Your use of Intel Corporation's design tools, logic functions 
and other software and tools, and its AMPP partner logic 
functions, and any output files from any of the foregoing 
(including device programming or simulation files), and any 
associated documentation or information are expressly subject 
to the terms and conditions of the Intel Program License 
Subscription Agreement, the Intel Quartus Prime License Agreement,
the Intel FPGA IP License Agreement, or other applicable license
agreement, including, without limitation, that your use is for
the sole purpose of programming logic devices manufactured by
Intel and sold by Intel or its authorized distributors.  Please
refer to the applicable agreement for further details.



+----------------------------------------------------------------------------------+
; Analysis & Synthesis Summary                                                     ;
+------------------------------------+---------------------------------------------+
; Analysis & Synthesis Status        ; Successful - Thu Jan 23 14:23:34 2020       ;
; Quartus Prime Version              ; 18.1.0 Build 625 09/12/2018 SJ Lite Edition ;
; Revision Name                      ; pong                                        ;
; Top-level Entity Name              ; pong_top_an                                 ;
; Family                             ; Cyclone IV E                                ;
; Total logic elements               ; 331                                         ;
;     Total combinational functions  ; 330                                         ;
;     Dedicated logic registers      ; 96                                          ;
; Total registers                    ; 96                                          ;
; Total pins                         ; 8                                           ;
; Total virtual pins                 ; 0                                           ;
; Total memory bits                  ; 0                                           ;
; Embedded Multiplier 9-bit elements ; 0                                           ;
; Total PLLs                         ; 0                                           ;
+------------------------------------+---------------------------------------------+


+------------------------------------------------------------------------------------------------------------+
; Analysis & Synthesis Settings                                                                              ;
+------------------------------------------------------------------+--------------------+--------------------+
; Option                                                           ; Setting            ; Default Value      ;
+------------------------------------------------------------------+--------------------+--------------------+
; Device                                                           ; EP4CE22F17C6       ;                    ;
; Top-level entity name                                            ; pong_top_an        ; pong               ;
; Family name                                                      ; Cyclone IV E       ; Cyclone V          ;
; Use smart compilation                                            ; Off                ; Off                ;
; Enable parallel Assembler and Timing Analyzer during compilation ; On                 ; On                 ;
; Enable compact report table                                      ; Off                ; Off                ;
; Restructure Multiplexers                                         ; Auto               ; Auto               ;
; Create Debugging Nodes for IP Cores                              ; Off                ; Off                ;
; Preserve fewer node names                                        ; On                 ; On                 ;
; Intel FPGA IP Evaluation Mode                                    ; Enable             ; Enable             ;
; Verilog Version                                                  ; Verilog_2001       ; Verilog_2001       ;
; VHDL Version                                                     ; VHDL_1993          ; VHDL_1993          ;
; State Machine Processing                                         ; Auto               ; Auto               ;
; Safe State Machine                                               ; Off                ; Off                ;
; Extract Verilog State Machines                                   ; On                 ; On                 ;
; Extract VHDL State Machines                                      ; On                 ; On                 ;
; Ignore Verilog initial constructs                                ; Off                ; Off                ;
; Iteration limit for constant Verilog loops                       ; 5000               ; 5000               ;
; Iteration limit for non-constant Verilog loops                   ; 250                ; 250                ;
; Add Pass-Through Logic to Inferred RAMs                          ; On                 ; On                 ;
; Infer RAMs from Raw Logic                                        ; On                 ; On                 ;
; Parallel Synthesis                                               ; On                 ; On                 ;
; DSP Block Balancing                                              ; Auto               ; Auto               ;
; NOT Gate Push-Back                                               ; On                 ; On                 ;
; Power-Up Don't Care                                              ; On                 ; On                 ;
; Remove Redundant Logic Cells                                     ; Off                ; Off                ;
; Remove Duplicate Registers                                       ; On                 ; On                 ;
; Ignore CARRY Buffers                                             ; Off                ; Off                ;
; Ignore CASCADE Buffers                                           ; Off                ; Off                ;
; Ignore GLOBAL Buffers                                            ; Off                ; Off                ;
; Ignore ROW GLOBAL Buffers                                        ; Off                ; Off                ;
; Ignore LCELL Buffers                                             ; Off                ; Off                ;
; Ignore SOFT Buffers                                              ; On                 ; On                 ;
; Limit AHDL Integers to 32 Bits                                   ; Off                ; Off                ;
; Optimization Technique                                           ; Balanced           ; Balanced           ;
; Carry Chain Length                                               ; 70                 ; 70                 ;
; Auto Carry Chains                                                ; On                 ; On                 ;
; Auto Open-Drain Pins                                             ; On                 ; On                 ;
; Perform WYSIWYG Primitive Resynthesis                            ; Off                ; Off                ;
; Auto ROM Replacement                                             ; On                 ; On                 ;
; Auto RAM Replacement                                             ; On                 ; On                 ;
; Auto DSP Block Replacement                                       ; On                 ; On                 ;
; Auto Shift Register Replacement                                  ; Auto               ; Auto               ;
; Allow Shift Register Merging across Hierarchies                  ; Auto               ; Auto               ;
; Auto Clock Enable Replacement                                    ; On                 ; On                 ;
; Strict RAM Replacement                                           ; Off                ; Off                ;
; Allow Synchronous Control Signals                                ; On                 ; On                 ;
; Force Use of Synchronous Clear Signals                           ; Off                ; Off                ;
; Auto RAM Block Balancing                                         ; On                 ; On                 ;
; Auto RAM to Logic Cell Conversion                                ; Off                ; Off                ;
; Auto Resource Sharing                                            ; Off                ; Off                ;
; Allow Any RAM Size For Recognition                               ; Off                ; Off                ;
; Allow Any ROM Size For Recognition                               ; Off                ; Off                ;
; Allow Any Shift Register Size For Recognition                    ; Off                ; Off                ;
; Use LogicLock Constraints during Resource Balancing              ; On                 ; On                 ;
; Ignore translate_off and synthesis_off directives                ; Off                ; Off                ;
; Timing-Driven Synthesis                                          ; On                 ; On                 ;
; Report Parameter Settings                                        ; On                 ; On                 ;
; Report Source Assignments                                        ; On                 ; On                 ;
; Report Connectivity Checks                                       ; On                 ; On                 ;
; Ignore Maximum Fan-Out Assignments                               ; Off                ; Off                ;
; Synchronization Register Chain Length                            ; 2                  ; 2                  ;
; Power Optimization During Synthesis                              ; Normal compilation ; Normal compilation ;
; HDL message level                                                ; Level2             ; Level2             ;
; Suppress Register Optimization Related Messages                  ; Off                ; Off                ;
; Number of Removed Registers Reported in Synthesis Report         ; 5000               ; 5000               ;
; Number of Swept Nodes Reported in Synthesis Report               ; 5000               ; 5000               ;
; Number of Inverted Registers Reported in Synthesis Report        ; 100                ; 100                ;
; Clock MUX Protection                                             ; On                 ; On                 ;
; Auto Gated Clock Conversion                                      ; Off                ; Off                ;
; Block Design Naming                                              ; Auto               ; Auto               ;
; SDC constraint protection                                        ; Off                ; Off                ;
; Synthesis Effort                                                 ; Auto               ; Auto               ;
; Shift Register Replacement - Allow Asynchronous Clear Signal     ; On                 ; On                 ;
; Pre-Mapping Resynthesis Optimization                             ; Off                ; Off                ;
; Analysis & Synthesis Message Level                               ; Medium             ; Medium             ;
; Disable Register Merging Across Hierarchies                      ; Auto               ; Auto               ;
; Resource Aware Inference For Block RAM                           ; On                 ; On                 ;
+------------------------------------------------------------------+--------------------+--------------------+


+------------------------------------------+
; Parallel Compilation                     ;
+----------------------------+-------------+
; Processors                 ; Number      ;
+----------------------------+-------------+
; Number detected on machine ; 8           ;
; Maximum allowed            ; 4           ;
;                            ;             ;
; Average used               ; 1.00        ;
; Maximum used               ; 4           ;
;                            ;             ;
; Usage by Processor         ; % Time Used ;
;     Processor 1            ; 100.0%      ;
;     Processor 2            ;   0.0%      ;
;     Processors 3-4         ;   0.0%      ;
+----------------------------+-------------+


+-------------------------------------------------------------------------------------------------------------------------------------------------------------------+
; Analysis & Synthesis Source Files Read                                                                                                                            ;
+----------------------------------+-----------------+------------------------+---------------------------------------------------------------------------+---------+
; File Name with User-Entered Path ; Used in Netlist ; File Type              ; File Name with Absolute Path                                              ; Library ;
+----------------------------------+-----------------+------------------------+---------------------------------------------------------------------------+---------+
; pong_top_an.v                    ; yes             ; User Verilog HDL File  ; C:/Users/ahmet/Documents/GitHub/microprocessor/pong_verilog/pong_top_an.v ;         ;
+----------------------------------+-----------------+------------------------+---------------------------------------------------------------------------+---------+


+---------------------------------------------------------+
; Analysis & Synthesis Resource Usage Summary             ;
+---------------------------------------------+-----------+
; Resource                                    ; Usage     ;
+---------------------------------------------+-----------+
; Estimated Total logic elements              ; 331       ;
;                                             ;           ;
; Total combinational functions               ; 330       ;
; Logic element usage by number of LUT inputs ;           ;
;     -- 4 input functions                    ; 59        ;
;     -- 3 input functions                    ; 106       ;
;     -- <=2 input functions                  ; 165       ;
;                                             ;           ;
; Logic elements by mode                      ;           ;
;     -- normal mode                          ; 142       ;
;     -- arithmetic mode                      ; 188       ;
;                                             ;           ;
; Total registers                             ; 96        ;
;     -- Dedicated logic registers            ; 96        ;
;     -- I/O registers                        ; 0         ;
;                                             ;           ;
; I/O pins                                    ; 8         ;
;                                             ;           ;
; Embedded Multiplier 9-bit elements          ; 0         ;
;                                             ;           ;
; Maximum fan-out node                        ; clk~input ;
; Maximum fan-out                             ; 96        ;
; Total fan-out                               ; 1150      ;
; Average fan-out                             ; 2.60      ;
+---------------------------------------------+-----------+


+--------------------------------------------------------------------------------------------------------------------------------------------------------------------------------------------------------------------------------------------+
; Analysis & Synthesis Resource Utilization by Entity                                                                                                                                                                                        ;
+----------------------------------+---------------------+---------------------------+-------------+--------------+---------+-----------+------+--------------+------------------------------------------+--------------------+--------------+
; Compilation Hierarchy Node       ; Combinational ALUTs ; Dedicated Logic Registers ; Memory Bits ; DSP Elements ; DSP 9x9 ; DSP 18x18 ; Pins ; Virtual Pins ; Full Hierarchy Name                      ; Entity Name        ; Library Name ;
+----------------------------------+---------------------+---------------------------+-------------+--------------+---------+-----------+------+--------------+------------------------------------------+--------------------+--------------+
; |pong_top_an                     ; 330 (0)             ; 96 (2)                    ; 0           ; 0            ; 0       ; 0         ; 8    ; 0            ; |pong_top_an                             ; pong_top_an        ; work         ;
;    |pong_graph_animate:animated| ; 293 (293)           ; 71 (71)                   ; 0           ; 0            ; 0       ; 0         ; 0    ; 0            ; |pong_top_an|pong_graph_animate:animated ; pong_graph_animate ; work         ;
;    |vga_sync:vsync_unit|         ; 37 (37)             ; 23 (23)                   ; 0           ; 0            ; 0       ; 0         ; 0    ; 0            ; |pong_top_an|vga_sync:vsync_unit         ; vga_sync           ; work         ;
+----------------------------------+---------------------+---------------------------+-------------+--------------+---------+-----------+------+--------------+------------------------------------------+--------------------+--------------+
Note: For table entries with two numbers listed, the numbers in parentheses indicate the number of resources of the given type used by the specific entity alone. The numbers listed outside of parentheses indicate the total resources of the given type used by the specific entity and all of its sub-entities in the hierarchy.


+---------------------------------------------------------------------------------------------------------------------+
; User-Specified and Inferred Latches                                                                                 ;
+----------------------------------------------------+---------------------------------------+------------------------+
; Latch Name                                         ; Latch Enable Signal                   ; Free of Timing Hazards ;
+----------------------------------------------------+---------------------------------------+------------------------+
; pong_graph_animate:animated|reset_reg              ; pong_graph_animate:animated|reset_reg ; yes                    ;
; Number of user-specified and inferred latches = 1  ;                                       ;                        ;
+----------------------------------------------------+---------------------------------------+------------------------+
Note: All latches listed above may not be present at the end of synthesis due to various synthesis optimizations.


+----------------------------------------------------------------------------------------------------------+
; Registers Removed During Synthesis                                                                       ;
+-------------------------------------------------+--------------------------------------------------------+
; Register name                                   ; Reason for Removal                                     ;
+-------------------------------------------------+--------------------------------------------------------+
; rgb_reg[0]                                      ; Stuck at GND due to stuck port data_in                 ;
; pong_graph_animate:animated|x_delta_reg[3..9]   ; Merged with pong_graph_animate:animated|x_delta_reg[2] ;
; pong_graph_animate:animated|y_delta_reg[3..9]   ; Merged with pong_graph_animate:animated|y_delta_reg[2] ;
; pong_graph_animate:animated|x_delta_reg[0]      ; Stuck at GND due to stuck port data_in                 ;
; pong_graph_animate:animated|y_delta_reg[0]      ; Stuck at GND due to stuck port data_in                 ;
; pong_graph_animate:animated|ball_x_reg[0]       ; Stuck at GND due to stuck port data_in                 ;
; pong_graph_animate:animated|ball_y_reg[0]       ; Stuck at GND due to stuck port data_in                 ;
; pong_graph_animate:animated|x_delta_reg[1]      ; Stuck at VCC due to stuck port data_in                 ;
; pong_graph_animate:animated|y_delta_reg[1]      ; Stuck at VCC due to stuck port data_in                 ;
; pong_graph_animate:animated|second_completed[0] ; Merged with vga_sync:vsync_unit|mod2_reg               ;
; Total Number of Removed Registers = 22          ;                                                        ;
+-------------------------------------------------+--------------------------------------------------------+


+------------------------------------------------------+
; General Register Statistics                          ;
+----------------------------------------------+-------+
; Statistic                                    ; Value ;
+----------------------------------------------+-------+
; Total registers                              ; 96    ;
; Number of registers using Synchronous Clear  ; 0     ;
; Number of registers using Synchronous Load   ; 8     ;
; Number of registers using Asynchronous Clear ; 0     ;
; Number of registers using Asynchronous Load  ; 0     ;
; Number of registers using Clock Enable       ; 60    ;
; Number of registers using Preset             ; 0     ;
+----------------------------------------------+-------+


+-----------------------------------------------------+
; Inverted Register Statistics                        ;
+-------------------------------------------+---------+
; Inverted Register                         ; Fan out ;
+-------------------------------------------+---------+
; pong_graph_animate:animated|ball_x_reg[8] ; 4       ;
; pong_graph_animate:animated|ball_x_reg[6] ; 4       ;
; pong_graph_animate:animated|ball_y_reg[7] ; 5       ;
; pong_graph_animate:animated|ball_y_reg[6] ; 5       ;
; pong_graph_animate:animated|ball_y_reg[5] ; 5       ;
; pong_graph_animate:animated|ball_y_reg[4] ; 5       ;
; pong_graph_animate:animated|BAR_Y_SIZE[8] ; 4       ;
; pong_graph_animate:animated|BAR_Y_SIZE[4] ; 3       ;
; pong_graph_animate:animated|BAR_Y_SIZE[3] ; 3       ;
; Total number of inverted registers = 9    ;         ;
+-------------------------------------------+---------+


+----------------------------------------------------------------------------------------------------------------------------------------------------------------------+
; Multiplexer Restructuring Statistics (Restructuring Performed)                                                                                                       ;
+--------------------+-----------+---------------+----------------------+------------------------+------------+--------------------------------------------------------+
; Multiplexer Inputs ; Bus Width ; Baseline Area ; Area if Restructured ; Saving if Restructured ; Registered ; Example Multiplexer Output                             ;
+--------------------+-----------+---------------+----------------------+------------------------+------------+--------------------------------------------------------+
; 3:1                ; 12 bits   ; 24 LEs        ; 12 LEs               ; 12 LEs                 ; Yes        ; |pong_top_an|pong_graph_animate:animated|ball_x_reg[7] ;
; 3:1                ; 6 bits    ; 12 LEs        ; 6 LEs                ; 6 LEs                  ; Yes        ; |pong_top_an|pong_graph_animate:animated|BAR_Y_SIZE[5] ;
; 3:1                ; 5 bits    ; 10 LEs        ; 5 LEs                ; 5 LEs                  ; Yes        ; |pong_top_an|pong_graph_animate:animated|half_min[3]   ;
; 5:1                ; 8 bits    ; 24 LEs        ; 16 LEs               ; 8 LEs                  ; Yes        ; |pong_top_an|pong_graph_animate:animated|bar_y_reg[3]  ;
; 3:1                ; 6 bits    ; 12 LEs        ; 6 LEs                ; 6 LEs                  ; Yes        ; |pong_top_an|pong_graph_animate:animated|ball_x_reg[8] ;
; 3:1                ; 2 bits    ; 4 LEs         ; 2 LEs                ; 2 LEs                  ; Yes        ; |pong_top_an|pong_graph_animate:animated|BAR_Y_SIZE[3] ;
+--------------------+-----------+---------------+----------------------+------------------------+------------+--------------------------------------------------------+


+---------------------------------------------------------------------------------------------------------------------+
; Port Connectivity Checks: "pong_graph_animate:animated"                                                             ;
+-----------+--------+----------+-------------------------------------------------------------------------------------+
; Port      ; Type   ; Severity ; Details                                                                             ;
+-----------+--------+----------+-------------------------------------------------------------------------------------+
; reset_reg ; Output ; Info     ; Connected to dangling logic. Logic that only feeds a dangling port will be removed. ;
+-----------+--------+----------+-------------------------------------------------------------------------------------+


+-------------------------------------------------+
; Port Connectivity Checks: "vga_sync:vsync_unit" ;
+-------+-------+----------+----------------------+
; Port  ; Type  ; Severity ; Details              ;
+-------+-------+----------+----------------------+
; reset ; Input ; Info     ; Stuck at GND         ;
+-------+-------+----------+----------------------+


+-----------------------------------------------------+
; Post-Synthesis Netlist Statistics for Top Partition ;
+-----------------------+-----------------------------+
; Type                  ; Count                       ;
+-----------------------+-----------------------------+
; boundary_port         ; 8                           ;
; cycloneiii_ff         ; 96                          ;
;     ENA               ; 52                          ;
;     ENA SLD           ; 8                           ;
;     plain             ; 36                          ;
; cycloneiii_lcell_comb ; 331                         ;
;     arith             ; 188                         ;
;         2 data inputs ; 91                          ;
;         3 data inputs ; 97                          ;
;     normal            ; 143                         ;
;         0 data inputs ; 2                           ;
;         1 data inputs ; 12                          ;
;         2 data inputs ; 61                          ;
;         3 data inputs ; 9                           ;
;         4 data inputs ; 59                          ;
;                       ;                             ;
; Max LUT depth         ; 7.20                        ;
; Average LUT depth     ; 4.49                        ;
+-----------------------+-----------------------------+


+-------------------------------+
; Elapsed Time Per Partition    ;
+----------------+--------------+
; Partition Name ; Elapsed Time ;
+----------------+--------------+
; Top            ; 00:00:00     ;
+----------------+--------------+


+-------------------------------+
; Analysis & Synthesis Messages ;
+-------------------------------+
Info: *******************************************************************
Info: Running Quartus Prime Analysis & Synthesis
    Info: Version 18.1.0 Build 625 09/12/2018 SJ Lite Edition
    Info: Processing started: Thu Jan 23 14:23:23 2020
Info: Command: quartus_map --read_settings_files=on --write_settings_files=off pong -c pong
Warning (18236): Number of processors has not been specified which may cause overloading on shared machines.  Set the global assignment NUM_PARALLEL_PROCESSORS in your QSF to an appropriate value for best performance.
Info (20030): Parallel compilation is enabled and will use 4 of the 4 processors detected
Info (12021): Found 3 design units, including 3 entities, in source file pong_top_an.v
    Info (12023): Found entity 1: pong_top_an File: C:/Users/ahmet/Documents/GitHub/microprocessor/pong_verilog/pong_top_an.v Line: 1
    Info (12023): Found entity 2: vga_sync File: C:/Users/ahmet/Documents/GitHub/microprocessor/pong_verilog/pong_top_an.v Line: 40
    Info (12023): Found entity 3: pong_graph_animate File: C:/Users/ahmet/Documents/GitHub/microprocessor/pong_verilog/pong_top_an.v Line: 146
Info (12127): Elaborating entity "pong_top_an" for the top level hierarchy
Info (12128): Elaborating entity "vga_sync" for hierarchy "vga_sync:vsync_unit" File: C:/Users/ahmet/Documents/GitHub/microprocessor/pong_verilog/pong_top_an.v Line: 22
Warning (10230): Verilog HDL assignment warning at pong_top_an.v(113): truncated value with size 32 to match size of target (10) File: C:/Users/ahmet/Documents/GitHub/microprocessor/pong_verilog/pong_top_an.v Line: 113
Warning (10230): Verilog HDL assignment warning at pong_top_an.v(123): truncated value with size 32 to match size of target (10) File: C:/Users/ahmet/Documents/GitHub/microprocessor/pong_verilog/pong_top_an.v Line: 123
Info (12128): Elaborating entity "pong_graph_animate" for hierarchy "pong_graph_animate:animated" File: C:/Users/ahmet/Documents/GitHub/microprocessor/pong_verilog/pong_top_an.v Line: 26
Warning (10230): Verilog HDL assignment warning at pong_top_an.v(157): truncated value with size 32 to match size of target (10) File: C:/Users/ahmet/Documents/GitHub/microprocessor/pong_verilog/pong_top_an.v Line: 157
Warning (10230): Verilog HDL assignment warning at pong_top_an.v(163): truncated value with size 18 to match size of target (10) File: C:/Users/ahmet/Documents/GitHub/microprocessor/pong_verilog/pong_top_an.v Line: 163
Warning (10230): Verilog HDL assignment warning at pong_top_an.v(164): truncated value with size 18 to match size of target (10) File: C:/Users/ahmet/Documents/GitHub/microprocessor/pong_verilog/pong_top_an.v Line: 164
Warning (10855): Verilog HDL warning at pong_top_an.v(155): initial value for variable bar_y_reg should be constant File: C:/Users/ahmet/Documents/GitHub/microprocessor/pong_verilog/pong_top_an.v Line: 155
Warning (10855): Verilog HDL warning at pong_top_an.v(155): initial value for variable x_delta_reg should be constant File: C:/Users/ahmet/Documents/GitHub/microprocessor/pong_verilog/pong_top_an.v Line: 155
Warning (10855): Verilog HDL warning at pong_top_an.v(155): initial value for variable y_delta_reg should be constant File: C:/Users/ahmet/Documents/GitHub/microprocessor/pong_verilog/pong_top_an.v Line: 155
Warning (10230): Verilog HDL assignment warning at pong_top_an.v(175): truncated value with size 32 to match size of target (18) File: C:/Users/ahmet/Documents/GitHub/microprocessor/pong_verilog/pong_top_an.v Line: 175
Warning (10230): Verilog HDL assignment warning at pong_top_an.v(178): truncated value with size 32 to match size of target (18) File: C:/Users/ahmet/Documents/GitHub/microprocessor/pong_verilog/pong_top_an.v Line: 178
Warning (10230): Verilog HDL assignment warning at pong_top_an.v(179): truncated value with size 32 to match size of target (18) File: C:/Users/ahmet/Documents/GitHub/microprocessor/pong_verilog/pong_top_an.v Line: 179
Warning (10230): Verilog HDL assignment warning at pong_top_an.v(182): truncated value with size 32 to match size of target (18) File: C:/Users/ahmet/Documents/GitHub/microprocessor/pong_verilog/pong_top_an.v Line: 182
Warning (10230): Verilog HDL assignment warning at pong_top_an.v(252): truncated value with size 32 to match size of target (26) File: C:/Users/ahmet/Documents/GitHub/microprocessor/pong_verilog/pong_top_an.v Line: 252
Warning (10230): Verilog HDL assignment warning at pong_top_an.v(253): truncated value with size 32 to match size of target (10) File: C:/Users/ahmet/Documents/GitHub/microprocessor/pong_verilog/pong_top_an.v Line: 253
Warning (10230): Verilog HDL assignment warning at pong_top_an.v(255): truncated value with size 32 to match size of target (5) File: C:/Users/ahmet/Documents/GitHub/microprocessor/pong_verilog/pong_top_an.v Line: 255
Warning (10230): Verilog HDL assignment warning at pong_top_an.v(259): truncated value with size 32 to match size of target (9) File: C:/Users/ahmet/Documents/GitHub/microprocessor/pong_verilog/pong_top_an.v Line: 259
Warning (10230): Verilog HDL assignment warning at pong_top_an.v(264): truncated value with size 32 to match size of target (2) File: C:/Users/ahmet/Documents/GitHub/microprocessor/pong_verilog/pong_top_an.v Line: 264
Warning (10230): Verilog HDL assignment warning at pong_top_an.v(265): truncated value with size 32 to match size of target (9) File: C:/Users/ahmet/Documents/GitHub/microprocessor/pong_verilog/pong_top_an.v Line: 265
Warning (10230): Verilog HDL assignment warning at pong_top_an.v(266): truncated value with size 32 to match size of target (10) File: C:/Users/ahmet/Documents/GitHub/microprocessor/pong_verilog/pong_top_an.v Line: 266
Warning (10230): Verilog HDL assignment warning at pong_top_an.v(270): truncated value with size 18 to match size of target (10) File: C:/Users/ahmet/Documents/GitHub/microprocessor/pong_verilog/pong_top_an.v Line: 270
Warning (10230): Verilog HDL assignment warning at pong_top_an.v(271): truncated value with size 18 to match size of target (10) File: C:/Users/ahmet/Documents/GitHub/microprocessor/pong_verilog/pong_top_an.v Line: 271
Warning (10230): Verilog HDL assignment warning at pong_top_an.v(274): truncated value with size 18 to match size of target (10) File: C:/Users/ahmet/Documents/GitHub/microprocessor/pong_verilog/pong_top_an.v Line: 274
Warning (10230): Verilog HDL assignment warning at pong_top_an.v(275): truncated value with size 18 to match size of target (10) File: C:/Users/ahmet/Documents/GitHub/microprocessor/pong_verilog/pong_top_an.v Line: 275
Warning (10230): Verilog HDL assignment warning at pong_top_an.v(278): truncated value with size 18 to match size of target (10) File: C:/Users/ahmet/Documents/GitHub/microprocessor/pong_verilog/pong_top_an.v Line: 278
Warning (10230): Verilog HDL assignment warning at pong_top_an.v(279): truncated value with size 18 to match size of target (10) File: C:/Users/ahmet/Documents/GitHub/microprocessor/pong_verilog/pong_top_an.v Line: 279
Warning (10230): Verilog HDL assignment warning at pong_top_an.v(282): truncated value with size 18 to match size of target (10) File: C:/Users/ahmet/Documents/GitHub/microprocessor/pong_verilog/pong_top_an.v Line: 282
Warning (10230): Verilog HDL assignment warning at pong_top_an.v(283): truncated value with size 18 to match size of target (10) File: C:/Users/ahmet/Documents/GitHub/microprocessor/pong_verilog/pong_top_an.v Line: 283
Warning (10230): Verilog HDL assignment warning at pong_top_an.v(312): truncated value with size 32 to match size of target (10) File: C:/Users/ahmet/Documents/GitHub/microprocessor/pong_verilog/pong_top_an.v Line: 312
Warning (10230): Verilog HDL assignment warning at pong_top_an.v(326): truncated value with size 32 to match size of target (10) File: C:/Users/ahmet/Documents/GitHub/microprocessor/pong_verilog/pong_top_an.v Line: 326
Warning (10230): Verilog HDL assignment warning at pong_top_an.v(328): truncated value with size 32 to match size of target (10) File: C:/Users/ahmet/Documents/GitHub/microprocessor/pong_verilog/pong_top_an.v Line: 328
Warning (10230): Verilog HDL assignment warning at pong_top_an.v(335): truncated value with size 32 to match size of target (10) File: C:/Users/ahmet/Documents/GitHub/microprocessor/pong_verilog/pong_top_an.v Line: 335
Warning (10230): Verilog HDL assignment warning at pong_top_an.v(336): truncated value with size 32 to match size of target (10) File: C:/Users/ahmet/Documents/GitHub/microprocessor/pong_verilog/pong_top_an.v Line: 336
Warning (10230): Verilog HDL assignment warning at pong_top_an.v(362): truncated value with size 32 to match size of target (10) File: C:/Users/ahmet/Documents/GitHub/microprocessor/pong_verilog/pong_top_an.v Line: 362
Warning (10230): Verilog HDL assignment warning at pong_top_an.v(364): truncated value with size 32 to match size of target (10) File: C:/Users/ahmet/Documents/GitHub/microprocessor/pong_verilog/pong_top_an.v Line: 364
Warning (10230): Verilog HDL assignment warning at pong_top_an.v(366): truncated value with size 32 to match size of target (10) File: C:/Users/ahmet/Documents/GitHub/microprocessor/pong_verilog/pong_top_an.v Line: 366
Warning (10230): Verilog HDL assignment warning at pong_top_an.v(368): truncated value with size 32 to match size of target (10) File: C:/Users/ahmet/Documents/GitHub/microprocessor/pong_verilog/pong_top_an.v Line: 368
Warning (10240): Verilog HDL Always Construct warning at pong_top_an.v(359): inferring latch(es) for variable "reset_reg", which holds its previous value in one or more paths through the always construct File: C:/Users/ahmet/Documents/GitHub/microprocessor/pong_verilog/pong_top_an.v Line: 359
Info (10041): Inferred latch for "reset_reg" at pong_top_an.v(363) File: C:/Users/ahmet/Documents/GitHub/microprocessor/pong_verilog/pong_top_an.v Line: 363
Warning (13012): Latch pong_graph_animate:animated|reset_reg has unsafe behavior File: C:/Users/ahmet/Documents/GitHub/microprocessor/pong_verilog/pong_top_an.v Line: 153
    Warning (13013): Ports D and ENA on the latch are fed by the same signal pong_graph_animate:animated|Add9~synth File: C:/Users/ahmet/Documents/GitHub/microprocessor/pong_verilog/pong_top_an.v Line: 335
Warning (13024): Output pins are stuck at VCC or GND
    Warning (13410): Pin "rgb[0]" is stuck at GND File: C:/Users/ahmet/Documents/GitHub/microprocessor/pong_verilog/pong_top_an.v Line: 7
Info (286030): Timing-Driven Synthesis is running
Info (16010): Generating hard_block partition "hard_block:auto_generated_inst"
    Info (16011): Adding 0 node(s), including 0 DDIO, 0 PLL, 0 transceiver and 0 LCELL
Info (21057): Implemented 339 device resources after synthesis - the final resource count might be different
    Info (21058): Implemented 3 input pins
    Info (21059): Implemented 5 output pins
    Info (21061): Implemented 331 logic cells
Info: Quartus Prime Analysis & Synthesis was successful. 0 errors, 42 warnings
    Info: Peak virtual memory: 4787 megabytes
    Info: Processing ended: Thu Jan 23 14:23:34 2020
    Info: Elapsed time: 00:00:11
    Info: Total CPU time (on all processors): 00:00:25


